0 info it worked if it ends with ok
1 verbose cli [ '/usr/local/bin/node',
1 verbose cli   '/usr/local/bin/npm',
1 verbose cli   'run',
1 verbose cli   'webpack-server' ]
2 info using npm@3.10.3
3 info using node@v6.5.0
4 verbose run-script [ 'prewebpack-server', 'webpack-server', 'postwebpack-server' ]
5 info lifecycle react_app_template@0.1.0~prewebpack-server: react_app_template@0.1.0
6 silly lifecycle react_app_template@0.1.0~prewebpack-server: no script for prewebpack-server, continuing
7 info lifecycle react_app_template@0.1.0~webpack-server: react_app_template@0.1.0
8 verbose lifecycle react_app_template@0.1.0~webpack-server: unsafe-perm in lifecycle true
9 verbose lifecycle react_app_template@0.1.0~webpack-server: PATH: /usr/local/lib/node_modules/npm/bin/node-gyp-bin:/Users/chris/Desktop/tableLand/node_modules/.bin:/usr/local/bin:/usr/local/lib/node_modules/npm/bin/node-gyp-bin:/Users/chris/Desktop/tableLand/node_modules/.bin:/usr/local/bin:/usr/local/bin:/usr/bin:/bin:/usr/sbin:/sbin:/Users/chris/Library/Android/sdk/tools:/Users/chris/Library/Android/sdk/platform-tools
10 verbose lifecycle react_app_template@0.1.0~webpack-server: CWD: /Users/chris/Desktop/tableLand
11 silly lifecycle react_app_template@0.1.0~webpack-server: Args: [ '-c', 'webpack-dev-server --hot --progress --colors' ]
12 silly lifecycle react_app_template@0.1.0~webpack-server: Returned: code: 1  signal: null
13 info lifecycle react_app_template@0.1.0~webpack-server: Failed to exec webpack-server script
14 verbose stack Error: react_app_template@0.1.0 webpack-server: `webpack-dev-server --hot --progress --colors`
14 verbose stack Exit status 1
14 verbose stack     at EventEmitter.<anonymous> (/usr/local/lib/node_modules/npm/lib/utils/lifecycle.js:242:16)
14 verbose stack     at emitTwo (events.js:106:13)
14 verbose stack     at EventEmitter.emit (events.js:191:7)
14 verbose stack     at ChildProcess.<anonymous> (/usr/local/lib/node_modules/npm/lib/utils/spawn.js:40:14)
14 verbose stack     at emitTwo (events.js:106:13)
14 verbose stack     at ChildProcess.emit (events.js:191:7)
14 verbose stack     at maybeClose (internal/child_process.js:877:16)
14 verbose stack     at Process.ChildProcess._handle.onexit (internal/child_process.js:226:5)
15 verbose pkgid react_app_template@0.1.0
16 verbose cwd /Users/chris/Desktop/tableLand
17 error Darwin 15.6.0
18 error argv "/usr/local/bin/node" "/usr/local/bin/npm" "run" "webpack-server"
19 error node v6.5.0
20 error npm  v3.10.3
21 error code ELIFECYCLE
22 error react_app_template@0.1.0 webpack-server: `webpack-dev-server --hot --progress --colors`
22 error Exit status 1
23 error Failed at the react_app_template@0.1.0 webpack-server script 'webpack-dev-server --hot --progress --colors'.
23 error Make sure you have the latest version of node.js and npm installed.
23 error If you do, this is most likely a problem with the react_app_template package,
23 error not with npm itself.
23 error Tell the author that this fails on your system:
23 error     webpack-dev-server --hot --progress --colors
23 error You can get information on how to open an issue for this project with:
23 error     npm bugs react_app_template
23 error Or if that isn't available, you can get their info via:
23 error     npm owner ls react_app_template
23 error There is likely additional logging output above.
24 verbose exit [ 1, true ]
